ISim log file
Running: D:\IS\CNC\UARTTest_isim_beh.exe -intstyle ise -gui -tclbatch isim.cmd -wdb D:/IS/CNC/UARTTest_isim_beh.wdb 
ISim P.40xd (signature 0x8ef4fb42)
This is a Full version of ISim.
Time resolution is 1 ps
# onerror resume
# wave add /
# run 1000 ns
Simulator is doing circuit initialization process.
Finished circuit initialization process.
# restart
# run 5203 ns
Simulator is doing circuit initialization process.
Finished circuit initialization process.
# step
Stopped at time : 5204 ns : File "D:/IS/CNC/UARTTest.vhd" Line 88
# step
Stopped at time : 5204 ns : File "D:/IS/CNC/UART.vhd" Line 58
# step
Stopped at time : 5204 ns : File "D:/IS/CNC/UART.vhd" Line 59
# step
Stopped at time : 5204 ns : File "D:/IS/CNC/UART.vhd" Line 83
# step
Stopped at time : 5205 ns : File "D:/IS/CNC/UARTTest.vhd" Line 88
# step
Stopped at time : 5205 ns : File "D:/IS/CNC/UART.vhd" Line 58
# step
Stopped at time : 5206 ns : File "D:/IS/CNC/UARTTest.vhd" Line 88
# step
Stopped at time : 5206 ns : File "D:/IS/CNC/UART.vhd" Line 58
# step
Stopped at time : 5206 ns : File "D:/IS/CNC/UART.vhd" Line 59
# step
Stopped at time : 5206 ns : File "D:/IS/CNC/UART.vhd" Line 83
# step
Stopped at time : 5207 ns : File "D:/IS/CNC/UARTTest.vhd" Line 88
# step
Stopped at time : 5207 ns : File "D:/IS/CNC/UART.vhd" Line 58
# step
Stopped at time : 5208 ns : File "D:/IS/CNC/UARTTest.vhd" Line 88
# step
Stopped at time : 5208 ns : File "D:/IS/CNC/UART.vhd" Line 58
# step
Stopped at time : 5208 ns : File "D:/IS/CNC/UART.vhd" Line 59
# step
Stopped at time : 5208 ns : File "D:/IS/CNC/UART.vhd" Line 83
# step
Stopped at time : 5209 ns : File "D:/IS/CNC/UARTTest.vhd" Line 88
# step
Stopped at time : 5209 ns : File "D:/IS/CNC/UART.vhd" Line 58
